28-12-2023 22:22:30 - DEBUG:Export VBA Files To VSCode Start
28-12-2023 22:22:30 - DEBUG:EXPORTING CLASS MODULES:ThisWorkbook.cls Type: 100 - ThisWorkbook
28-12-2023 22:22:30 - DEBUG:EXPORTING CLASS MODULES:Sheet1.cls Type: 100 - Sheet1
28-12-2023 22:22:30 - DEBUG:EXPORTING MODULES:Module1.bas Type: 1 - Module1
28-12-2023 22:22:30 - DEBUG:Export VBA Files To VSCode Finish
28-12-2023 23:13:54 - DEBUG:Export VBA Files To VSCode Start
28-12-2023 23:13:54 - DEBUG:EXPORTING CLASS MODULES:ThisWorkbook.cls Type: 100 - ThisWorkbook
28-12-2023 23:13:54 - DEBUG:EXPORTING CLASS MODULES:Sheet1.cls Type: 100 - Sheet1
28-12-2023 23:13:54 - DEBUG:EXPORTING MODULES:Module1.bas Type: 1 - Module1
28-12-2023 23:13:54 - DEBUG:EXPORTING CLASS MODULES:Sheet2.cls Type: 100 - Sheet2
28-12-2023 23:13:54 - DEBUG:EXPORTING CLASS MODULES:Sheet3.cls Type: 100 - Sheet3
28-12-2023 23:13:54 - DEBUG:EXPORTING CLASS MODULES:Sheet4.cls Type: 100 - Sheet4
28-12-2023 23:13:54 - DEBUG:EXPORTING CLASS MODULES:Sheet5.cls Type: 100 - Sheet5
28-12-2023 23:13:54 - DEBUG:Export VBA Files To VSCode Finish
28-12-2023 23:28:22 - DEBUG:Export VBA Files To VSCode Start
28-12-2023 23:28:22 - DEBUG:EXPORTING CLASS MODULES:ThisWorkbook.cls Type: 100 - ThisWorkbook
28-12-2023 23:28:22 - DEBUG:EXPORTING CLASS MODULES:Sheet1.cls Type: 100 - Sheet1
28-12-2023 23:28:22 - DEBUG:EXPORTING MODULES:Module1.bas Type: 1 - Module1
28-12-2023 23:28:22 - DEBUG:EXPORTING CLASS MODULES:Xdebug.cls Type: 2 - Xdebug
28-12-2023 23:28:22 - DEBUG:EXPORTING CLASS MODULES:Sheet7.cls Type: 100 - Sheet7
28-12-2023 23:28:22 - DEBUG:Export VBA Files To VSCode Finish
28-12-2023 23:28:43 - DEBUG:Export VBA Files To VSCode Start
28-12-2023 23:28:43 - DEBUG:EXPORTING CLASS MODULES:ThisWorkbook.cls Type: 100 - ThisWorkbook
28-12-2023 23:28:43 - DEBUG:EXPORTING CLASS MODULES:Sheet1.cls Type: 100 - Sheet1
28-12-2023 23:28:43 - DEBUG:EXPORTING CLASS MODULES:Sheet7.cls Type: 100 - Sheet7
28-12-2023 23:28:43 - DEBUG:EXPORTING MODULES:Module1.bas Type: 1 - Module1
28-12-2023 23:28:43 - DEBUG:EXPORTING CLASS MODULES:Xdebug.cls Type: 2 - Xdebug
28-12-2023 23:28:43 - DEBUG:Export VBA Files To VSCode Finish
29-12-2023 10:58:55 - DEBUG:Export VBA Files To VSCode Start
29-12-2023 10:58:56 - DEBUG:EXPORTING CLASS MODULES:ThisWorkbook.cls Type: 100 - ThisWorkbook
29-12-2023 10:58:56 - DEBUG:EXPORTING CLASS MODULES:Sheet1.cls Type: 100 - Sheet1
29-12-2023 10:58:56 - DEBUG:EXPORTING MODULES:Module1.bas Type: 1 - Module1
29-12-2023 10:58:56 - DEBUG:EXPORTING CLASS MODULES:Xdebug.cls Type: 2 - Xdebug
29-12-2023 10:58:56 - DEBUG:EXPORTING CLASS MODULES:Sheet2.cls Type: 100 - Sheet2
29-12-2023 10:58:56 - DEBUG:Export VBA Files To VSCode Finish
29-12-2023 16:10:44 - DEBUG:Export VBA Files To VSCode Start
29-12-2023 16:10:44 - DEBUG:EXPORTING CLASS MODULES:ThisWorkbook.cls Type: 100 - ThisWorkbook
29-12-2023 16:10:44 - DEBUG:EXPORTING CLASS MODULES:Sheet1.cls Type: 100 - Sheet1
29-12-2023 16:10:44 - DEBUG:EXPORTING MODULES:ByUserSelection.bas Type: 1 - ByUserSelection
29-12-2023 16:10:44 - DEBUG:EXPORTING CLASS MODULES:Xdebug.cls Type: 2 - Xdebug
29-12-2023 16:10:44 - DEBUG:EXPORTING MODULES:ByUserInput.bas Type: 1 - ByUserInput
29-12-2023 16:10:44 - DEBUG:EXPORTING MODULES:ByActiveCellReference.bas Type: 1 - ByActiveCellReference
29-12-2023 16:10:44 - DEBUG:EXPORTING MODULES:Module1.bas Type: 1 - Module1
29-12-2023 16:10:44 - DEBUG:Export VBA Files To VSCode Finish
